<?xml version="1.0" encoding="UTF-8"?>
<!-- Generated by org.testng.reporters.JUnitReportReporter -->
<testsuite hostname="DESKTOP-P7ER7T8" failures="0" tests="1" name="com.corp.qa.testcases.LoginPageTest1" time="6.036" errors="0" timestamp="11 Feb 2022 17:06:57 GMT" skipped="0">
  <testcase classname="com.corp.qa.testcases.LoginPageTest1" name="validateLoginnnn" time="6.036"/>
</testsuite> <!-- com.corp.qa.testcases.LoginPageTest1 -->
